<?xml version="1.0" encoding="UTF-8"?>
<!-- Generated by org.testng.reporters.JUnitReportReporter -->
<testsuite skipped="0" hostname="User-PC" name="Login.DealTest" tests="2" failures="0" timestamp="27 Mar 2018 13:56:48 GMT" time="16.595" errors="0">
  <testcase name="f" time="16.003" classname="Login.DealTest"/>
  <testcase name="fx" time="0.592" classname="Login.DealTest"/>
</testsuite> <!-- Login.DealTest -->
