<?xml version="1.0" encoding="UTF-8"?>
<!-- Generated by org.testng.reporters.JUnitReportReporter -->
<testsuite skipped="0" hostname="User-PC" name="Login.DealTest" tests="2" failures="0" timestamp="28 Mar 2018 12:22:33 GMT" time="32.746" errors="0">
  <testcase name="f" time="16.380" classname="Login.DealTest"/>
  <testcase name="fx" time="16.366" classname="Login.DealTest"/>
</testsuite> <!-- Login.DealTest -->
